<?xml version="1.0" encoding="UTF-8"?>
<testsuite xmlns:xsi="http://www.w3.org/2001/XMLSchema-instance" xsi:noNamespaceSchemaLocation="https://maven.apache.org/surefire/maven-surefire-plugin/xsd/surefire-test-report-3.0.xsd" version="3.0" name="com.malkeith.pgpUtils.PgpEncryptionTest" time="1.149" tests="4" errors="0" skipped="0" failures="0">
  <properties>
[...]
</properties>
  <testcase name="testFileEncryption" classname="com.malkeith.pgpUtils.PgpEncryptionTest" time="0.939"/>
  <testcase name="testInputStreamEncryption" classname="com.malkeith.pgpUtils.PgpEncryptionTest" time="0.025"/>
  <testcase name="testByteEncryptionWithNewConf" classname="com.malkeith.pgpUtils.PgpEncryptionTest" time="0.032"/>
  <testcase name="testByteEncryption" classname="com.malkeith.pgpUtils.PgpEncryptionTest" time="0.012"/>
</testsuite>